<?xml version="1.0" encoding="UTF-8"?>
<!-- Generated by org.testng.reporters.JUnitReportReporter -->
<testsuite hostname="Ayush-HOB" failures="0" tests="1" name="selenium.dummy.TestNGdemo" time="15.615" errors="0" timestamp="2020-12-11T16:22:46 IST" skipped="0">
  <testcase classname="selenium.dummy.TestNGdemo" name="verifyHomepageTitle" time="15.615"/>
  <system-out/>
</testsuite> <!-- selenium.dummy.TestNGdemo -->
